[2026-03-12] #0001  Improved error messages  // feat: implement image dimensionality reduction package 
[2026-03-12] #0002  Added input validation  // feat: implement image dimensionality reduction package 
[2026-03-12] #0003  Improved variable naming  // chore: initialize image-utils-dio package structure
[2026-03-12] #0004  Improved error messages  // feat: add ImageProcessor base class with OOP structure
[2026-03-12] #0005  Added guard clause  // feat: implement pixel-by-pixel grayscale conversion
[2026-03-12] #0006  Cleaned up unused imports  // feat: add image resize method with aspect ratio preserv
[2026-03-12] #0007  Added edge-case handling  // feat: implement brightness and contrast adjustment
[2026-03-12] #0008  Added guard clause  // feat: add histogram equalization for image enhancement
[2026-03-12] #0009  Refactored module structure  // feat: implement edge detection using Sobel operator
[2026-03-12] #0010  Improved variable naming  // refactor: extract pixel operations to utility module
[2026-03-12] #0011  Added input validation  // docs: add docstrings to all public methods
[2026-03-12] #0012  Fixed off-by-one error  // test: add unit tests for grayscale conversion
[2026-03-12] #0013  Centralised constants  // test: add test for resize with known dimensions
[2026-03-12] #0014  Patched edge case in parser  // fix: correct channel order for RGB to grayscale formula
[2026-03-12] #0015  Patched edge case in parser  // feat: add batch processing for multiple images
[2026-03-12] #0016  Extracted helper function  // docs: add README with usage examples
[2026-03-12] #0017  Added type hints  // security: validate file extension before processing
[2026-03-12] #0018  Added edge-case handling  // fix: handle images with alpha channel correctly
[2026-03-12] #0019  Fixed off-by-one error  // refactor: use numpy vectorization for performance
[2026-03-12] #0020  Added type hints  // docs: add performance comparison notes
[2026-03-12] #0021  Refactored module structure  // feat: add image dimensionality reduction module
